


ARM Macro Assembler    Page 1 


    1 00000000         ;******************** (C) COPYRIGHT 2007 STMicroelectron
                       ics ********************
    2 00000000         ;* File Name          : cortexm3_macro.s
    3 00000000         ;* Author             : MCD Application Team
    4 00000000         ;* Date First Issued  : 02/19/2007
    5 00000000         ;* Description        : Instruction wrappers for special
                        Cortex-M3 instructions.                      
    6 00000000         ;*******************************************************
                       ************************
    7 00000000         ; History:
    8 00000000         ; 02/19/2007: V0.1
    9 00000000         ;*******************************************************
                       ************************
   10 00000000         ; THE PRESENT SOFTWARE WHICH IS FOR GUIDANCE ONLY AIMS A
                       T PROVIDING CUSTOMERS
   11 00000000         ; WITH CODING INFORMATION REGARDING THEIR PRODUCTS IN OR
                       DER FOR THEM TO SAVE TIME.
   12 00000000         ; AS A RESULT, STMICROELECTRONICS SHALL NOT BE HELD LIAB
                       LE FOR ANY DIRECT,
   13 00000000         ; INDIRECT OR CONSEQUENTIAL DAMAGES WITH RESPECT TO ANY 
                       CLAIMS ARISING FROM THE
   14 00000000         ; CONTENT OF SUCH SOFTWARE AND/OR THE USE MADE BY CUSTOM
                       ERS OF THE CODING
   15 00000000         ; INFORMATION CONTAINED HEREIN IN CONNECTION WITH THEIR 
                       PRODUCTS.
   16 00000000         ;*******************************************************
                       ************************
   17 00000000         
   18 00000000                 THUMB
   19 00000000                 REQUIRE8
   20 00000000                 PRESERVE8
   21 00000000         
   22 00000000                 AREA             |.text|, CODE, READONLY, ALIGN=
2
   23 00000000         
   24 00000000         ; Exported functions
   25 00000000                 EXPORT           __WFI
   26 00000000                 EXPORT           __WFE
   27 00000000                 EXPORT           __SEV
   28 00000000                 EXPORT           __ISB
   29 00000000                 EXPORT           __DSB
   30 00000000                 EXPORT           __DMB
   31 00000000                 EXPORT           __SVC
   32 00000000                 EXPORT           __MRS_CONTROL
   33 00000000                 EXPORT           __MSR_CONTROL
   34 00000000                 EXPORT           __SETPRIMASK
   35 00000000                 EXPORT           __RESETPRIMASK
   36 00000000                 EXPORT           __SETFAULTMASK
   37 00000000                 EXPORT           __RESETFAULTMASK
   38 00000000                 EXPORT           __BASEPRICONFIG
   39 00000000                 EXPORT           __GetBASEPRI
   40 00000000         
   41 00000000         ;*******************************************************
                       ************************
   42 00000000         ; Function Name  : __WFI
   43 00000000         ; Description    : Assembler function for the WFI instru
                       ction.
   44 00000000         ; Input          : None
   45 00000000         ; Return         : None



ARM Macro Assembler    Page 2 


   46 00000000         ;*******************************************************
                       ************************
   47 00000000         __WFI
   48 00000000         
   49 00000000 BF30            WFI
   50 00000002 4770            BX               r14
   51 00000004         
   52 00000004         ;*******************************************************
                       ************************
   53 00000004         ; Function Name  : __WFE
   54 00000004         ; Description    : Assembler function for the WFE instru
                       ction.
   55 00000004         ; Input          : None
   56 00000004         ; Return         : None
   57 00000004         ;*******************************************************
                       ************************
   58 00000004         __WFE
   59 00000004         
   60 00000004 BF20            WFE
   61 00000006 4770            BX               r14
   62 00000008         
   63 00000008         ;*******************************************************
                       ************************
   64 00000008         ; Function Name  : __SEV
   65 00000008         ; Description    : Assembler function for the SEV instru
                       ction.
   66 00000008         ; Input          : None
   67 00000008         ; Return         : None
   68 00000008         ;*******************************************************
                       ************************
   69 00000008         __SEV
   70 00000008         
   71 00000008 BF40            SEV
   72 0000000A 4770            BX               r14
   73 0000000C         
   74 0000000C         ;*******************************************************
                       ************************
   75 0000000C         ; Function Name  : __ISB
   76 0000000C         ; Description    : Assembler function for the ISB instru
                       ction.
   77 0000000C         ; Input          : None
   78 0000000C         ; Return         : None
   79 0000000C         ;*******************************************************
                       ************************
   80 0000000C         __ISB
   81 0000000C         
   82 0000000C F3BF 8F6F       ISB
   83 00000010 4770            BX               r14
   84 00000012         
   85 00000012         ;*******************************************************
                       ************************
   86 00000012         ; Function Name  : __DSB
   87 00000012         ; Description    : Assembler function for the DSB instru
                       ction.
   88 00000012         ; Input          : None
   89 00000012         ; Return         : None
   90 00000012         ;*******************************************************
                       ************************
   91 00000012         __DSB



ARM Macro Assembler    Page 3 


   92 00000012         
   93 00000012 F3BF 8F4F       DSB
   94 00000016 4770            BX               r14
   95 00000018         
   96 00000018         ;*******************************************************
                       ************************
   97 00000018         ; Function Name  : __DMB
   98 00000018         ; Description    : Assembler function for the DMB instru
                       ction.
   99 00000018         ; Input          : None
  100 00000018         ; Return         : None
  101 00000018         ;*******************************************************
                       ************************
  102 00000018         __DMB
  103 00000018         
  104 00000018 F3BF 8F5F       DMB
  105 0000001C 4770            BX               r14
  106 0000001E         
  107 0000001E         ;*******************************************************
                       ************************
  108 0000001E         ; Function Name  : __SVC
  109 0000001E         ; Description    : Assembler function for the SVC instru
                       ction.
  110 0000001E         ; Input          : None
  111 0000001E         ; Return         : None
  112 0000001E         ;*******************************************************
                       ************************
  113 0000001E         __SVC
  114 0000001E         
  115 0000001E DF01            SVC              0x01
  116 00000020 4770            BX               r14
  117 00000022         
  118 00000022         ;*******************************************************
                       ************************
  119 00000022         ; Function Name  : __MRS_CONTROL
  120 00000022         ; Description    : Assembler function for the MRS instru
                       ction.
  121 00000022         ; Input          : None
  122 00000022         ; Return         : - r4 : Cortex-M3 CONTROL register val
                       ue.
  123 00000022         ;*******************************************************
                       ************************
  124 00000022         __MRS_CONTROL
  125 00000022         
  126 00000022 F3EF 8414       MRS              r4, CONTROL
  127 00000026 4770            BX               r14
  128 00000028         
  129 00000028         ;*******************************************************
                       ************************
  130 00000028         ; Function Name  : __MSR_CONTROL
  131 00000028         ; Description    : Assembler function for the MSR instru
                       ction.
  132 00000028         ; Input          : - R0 : Cortex-M3 CONTROL register new
                        value.  
  133 00000028         ; Return         : None
  134 00000028         ;*******************************************************
                       ************************
  135 00000028         __MSR_CONTROL
  136 00000028         



ARM Macro Assembler    Page 4 


  137 00000028 F380 8814       MSR              CONTROL, r0
  138 0000002C 4770            BX               r14
  139 0000002E         
  140 0000002E         ;*******************************************************
                       ************************
  141 0000002E         ; Function Name  : __SETPRIMASK
  142 0000002E         ; Description    : Assembler function to set the PRIMASK
                       .
  143 0000002E         ; Input          : None 
  144 0000002E         ; Return         : None
  145 0000002E         ;*******************************************************
                       ************************
  146 0000002E         __SETPRIMASK
  147 0000002E         
  148 0000002E B672            CPSID            i
  149 00000030 4770            BX               r14
  150 00000032         
  151 00000032         ;*******************************************************
                       ************************
  152 00000032         ; Function Name  : __RESETPRIMASK
  153 00000032         ; Description    : Assembler function to reset the PRIMA
                       SK.
  154 00000032         ; Input          : None 
  155 00000032         ; Return         : None
  156 00000032         ;*******************************************************
                       ************************
  157 00000032         __RESETPRIMASK
  158 00000032         
  159 00000032 B662            CPSIE            i
  160 00000034 4770            BX               r14
  161 00000036         
  162 00000036         ;*******************************************************
                       ************************
  163 00000036         ; Function Name  : __SETFAULTMASK
  164 00000036         ; Description    : Assembler function to set the FAULTMA
                       SK.
  165 00000036         ; Input          : None 
  166 00000036         ; Return         : None
  167 00000036         ;*******************************************************
                       ************************
  168 00000036         __SETFAULTMASK
  169 00000036         
  170 00000036 B671            CPSID            f
  171 00000038 4770            BX               r14
  172 0000003A         
  173 0000003A         ;*******************************************************
                       ************************
  174 0000003A         ; Function Name  : __RESETFAULTMASK
  175 0000003A         ; Description    : Assembler function to reset the FAULT
                       MASK.
  176 0000003A         ; Input          : None 
  177 0000003A         ; Return         : None
  178 0000003A         ;*******************************************************
                       ************************
  179 0000003A         __RESETFAULTMASK
  180 0000003A         
  181 0000003A B661            CPSIE            f
  182 0000003C 4770            BX               r14
  183 0000003E         



ARM Macro Assembler    Page 5 


  184 0000003E         ;*******************************************************
                       ************************
  185 0000003E         ; Function Name  : __BASEPRICONFIG
  186 0000003E         ; Description    : Assembler function to set the Base Pr
                       iority.
  187 0000003E         ; Input          : - R0 : Base Priority new value  
  188 0000003E         ; Return         : None
  189 0000003E         ;*******************************************************
                       ************************
  190 0000003E         __BASEPRICONFIG
  191 0000003E         
  192 0000003E F380 8811       MSR              BASEPRI, r0
  193 00000042 4770            BX               r14
  194 00000044         
  195 00000044         ;*******************************************************
                       ************************
  196 00000044         ; Function Name  : __GetBASEPRI
  197 00000044         ; Description    : Assembler function to get the Base Pr
                       iority value.
  198 00000044         ; Input          : None 
  199 00000044         ; Return         : - r4 : Base Priority value 
  200 00000044         ;*******************************************************
                       ************************
  201 00000044         __GetBASEPRI
  202 00000044         
  203 00000044 F3EF 8412       MRS              r4, BASEPRI_MAX
  204 00000048 4770            BX               r14
  205 0000004A         
  206 0000004A                 END
Command Line: --debug --xref --cpu=Cortex-M3 --apcs=interwork --depend=.\obj\co
rtexm3_macro.d -o.\obj\cortexm3_macro.o -ID:\Keil\ARM\RV31\INC -ID:\Keil\ARM\CM
SIS\Include -ID:\Keil\ARM\Inc\ST\STM32F10x --predefine="__RTX SETA 1" --predefi
ne="__MICROLIB SETA 1" --list=.\cortexm3_macro.lst cortexm3_macro.s



ARM Macro Assembler    Page 1 Alphabetic symbol ordering
Relocatable symbols

.text 00000000

Symbol: .text
   Definitions
      At line 22 in file cortexm3_macro.s
   Uses
      None
Comment: .text unused
__BASEPRICONFIG 0000003E

Symbol: __BASEPRICONFIG
   Definitions
      At line 190 in file cortexm3_macro.s
   Uses
      At line 38 in file cortexm3_macro.s
Comment: __BASEPRICONFIG used once
__DMB 00000018

Symbol: __DMB
   Definitions
      At line 102 in file cortexm3_macro.s
   Uses
      At line 30 in file cortexm3_macro.s
Comment: __DMB used once
__DSB 00000012

Symbol: __DSB
   Definitions
      At line 91 in file cortexm3_macro.s
   Uses
      At line 29 in file cortexm3_macro.s
Comment: __DSB used once
__GetBASEPRI 00000044

Symbol: __GetBASEPRI
   Definitions
      At line 201 in file cortexm3_macro.s
   Uses
      At line 39 in file cortexm3_macro.s
Comment: __GetBASEPRI used once
__ISB 0000000C

Symbol: __ISB
   Definitions
      At line 80 in file cortexm3_macro.s
   Uses
      At line 28 in file cortexm3_macro.s
Comment: __ISB used once
__MRS_CONTROL 00000022

Symbol: __MRS_CONTROL
   Definitions
      At line 124 in file cortexm3_macro.s
   Uses
      At line 32 in file cortexm3_macro.s
Comment: __MRS_CONTROL used once
__MSR_CONTROL 00000028

Symbol: __MSR_CONTROL



ARM Macro Assembler    Page 2 Alphabetic symbol ordering
Relocatable symbols

   Definitions
      At line 135 in file cortexm3_macro.s
   Uses
      At line 33 in file cortexm3_macro.s
Comment: __MSR_CONTROL used once
__RESETFAULTMASK 0000003A

Symbol: __RESETFAULTMASK
   Definitions
      At line 179 in file cortexm3_macro.s
   Uses
      At line 37 in file cortexm3_macro.s
Comment: __RESETFAULTMASK used once
__RESETPRIMASK 00000032

Symbol: __RESETPRIMASK
   Definitions
      At line 157 in file cortexm3_macro.s
   Uses
      At line 35 in file cortexm3_macro.s
Comment: __RESETPRIMASK used once
__SETFAULTMASK 00000036

Symbol: __SETFAULTMASK
   Definitions
      At line 168 in file cortexm3_macro.s
   Uses
      At line 36 in file cortexm3_macro.s
Comment: __SETFAULTMASK used once
__SETPRIMASK 0000002E

Symbol: __SETPRIMASK
   Definitions
      At line 146 in file cortexm3_macro.s
   Uses
      At line 34 in file cortexm3_macro.s
Comment: __SETPRIMASK used once
__SEV 00000008

Symbol: __SEV
   Definitions
      At line 69 in file cortexm3_macro.s
   Uses
      At line 27 in file cortexm3_macro.s
Comment: __SEV used once
__SVC 0000001E

Symbol: __SVC
   Definitions
      At line 113 in file cortexm3_macro.s
   Uses
      At line 31 in file cortexm3_macro.s
Comment: __SVC used once
__WFE 00000004

Symbol: __WFE
   Definitions
      At line 58 in file cortexm3_macro.s
   Uses



ARM Macro Assembler    Page 3 Alphabetic symbol ordering
Relocatable symbols

      At line 26 in file cortexm3_macro.s
Comment: __WFE used once
__WFI 00000000

Symbol: __WFI
   Definitions
      At line 47 in file cortexm3_macro.s
   Uses
      At line 25 in file cortexm3_macro.s
Comment: __WFI used once
16 symbols
348 symbols in table
